<?xml version="1.0" encoding="UTF-8"?>
<TestRun id="2a918597-95ae-4c16-82af-8e8ea80417cb" name="Administrator@VSH-NIEJUNHUA 2014-01-20 22:28:29" runUser="VSH-NIEJUNHUA\Administrator" xmlns="http://microsoft.com/schemas/VisualStudio/TeamTest/2010">
  <TestSettings name="本地" id="70fa9d93-44e1-4fae-8a0b-307f6e928580">
    <Description>这些设置为本地测试运行的默认测试设置。</Description>
    <Deployment enabled="false" runDeploymentRoot="Administrator_VSH-NIEJUNHUA 2014-01-20 22_28_29">
      <DeploymentItem filename="E:\CodeLib\Git\CommonClass\CommonClass\bin\CommonClass.dll" />
      <DeploymentItem filename="E:\CodeLib\Git\helper\Helper\bin\Debug\Helper.dll" />
    </Deployment>
    <Execution>
      <TestTypeSpecific />
      <AgentRule name="Execution Agents">
      </AgentRule>
    </Execution>
  </TestSettings>
  <Times creation="2014-01-20T22:28:29.0855682+08:00" queuing="2014-01-20T22:28:29.0955688+08:00" start="2014-01-20T22:28:29.1055693+08:00" finish="2014-01-20T22:28:29.4775906+08:00" />
  <ResultSummary outcome="Completed">
    <Counters total="1" executed="1" passed="1" error="0" failed="0" timeout="0" aborted="0" inconclusive="0" passedButRunAborted="0" notRunnable="0" notExecuted="0" disconnected="0" warning="0" completed="0" inProgress="0" pending="0" />
  </ResultSummary>
  <TestDefinitions>
    <UnitTest name="TestList" storage="e:\codelib\git\commonclass\testproject1\bin\release\testproject1.dll" id="c4e57d40-8255-d1d5-d001-e2bf4673fc7d">
      <Execution id="c2094963-e928-44d8-ac4b-f27bc5b70744" />
      <TestMethod codeBase="E:/CodeLib/Git/CommonClass/TestProject1/bin/Release/TestProject1.DLL" adapterTypeName="Microsoft.VisualStudio.TestTools.TestTypes.Unit.UnitTestAdapter, Microsoft.VisualStudio.QualityTools.Tips.UnitTest.Adapter, Version=10.0.0.0, Culture=neutral, PublicKeyToken=b03f5f7f11d50a3a" className="TestProject1.BaseClassDaoTest, TestProject1, Version=1.0.0.0, Culture=neutral, PublicKeyToken=null" name="TestList" />
    </UnitTest>
  </TestDefinitions>
  <TestLists>
    <TestList name="列表中未列出的结果" id="8c84fa94-04c1-424b-9868-57a2d4851a1d" />
    <TestList name="所有已加载的结果" id="19431567-8539-422a-85d7-44ee4e166bda" />
  </TestLists>
  <TestEntries>
    <TestEntry testId="c4e57d40-8255-d1d5-d001-e2bf4673fc7d" executionId="c2094963-e928-44d8-ac4b-f27bc5b70744" testListId="8c84fa94-04c1-424b-9868-57a2d4851a1d" />
  </TestEntries>
  <Results>
    <UnitTestResult executionId="c2094963-e928-44d8-ac4b-f27bc5b70744" testId="c4e57d40-8255-d1d5-d001-e2bf4673fc7d" testName="TestList" computerName="VSH-NIEJUNHUA" duration="00:00:00.1244949" startTime="2014-01-20T22:28:29.1095696+08:00" endTime="2014-01-20T22:28:29.4605897+08:00" testType="13cdc9d9-ddb5-4fa4-a97d-d965ccfc6d4b" outcome="Passed" testListId="8c84fa94-04c1-424b-9868-57a2d4851a1d" relativeResultsDirectory="c2094963-e928-44d8-ac4b-f27bc5b70744">
      <Output>
        <StdOut>1</StdOut>
      </Output>
    </UnitTestResult>
  </Results>
</TestRun>