<?xml version="1.0" encoding="UTF-8"?>
<TestRun id="e2383cf7-b5ca-4f57-b07e-7a273cd7cacc" name="Administrator@VSH-NIEJUNHUA 2014-01-25 22:33:01" runUser="VSH-NIEJUNHUA\Administrator" xmlns="http://microsoft.com/schemas/VisualStudio/TeamTest/2010">
  <TestSettings name="本地" id="70fa9d93-44e1-4fae-8a0b-307f6e928580">
    <Description>这些设置为本地测试运行的默认测试设置。</Description>
    <Deployment enabled="false" runDeploymentRoot="Administrator_VSH-NIEJUNHUA 2014-01-25 22_33_01">
      <DeploymentItem filename="E:\CodeLib\Git\CommonClass\CommonClass\bin\CommonClass.dll" />
      <DeploymentItem filename="E:\CodeLib\Git\helper\Helper\bin\Debug\Helper.dll" />
    </Deployment>
    <Execution>
      <TestTypeSpecific />
      <AgentRule name="Execution Agents">
      </AgentRule>
    </Execution>
  </TestSettings>
  <Times creation="2014-01-25T22:33:01.7970955+08:00" queuing="2014-01-25T22:33:02.9511615+08:00" start="2014-01-25T22:33:03.0691682+08:00" finish="2014-01-25T22:33:04.9182740+08:00" />
  <ResultSummary outcome="Completed">
    <Counters total="1" executed="1" passed="1" error="0" failed="0" timeout="0" aborted="0" inconclusive="0" passedButRunAborted="0" notRunnable="0" notExecuted="0" disconnected="0" warning="0" completed="0" inProgress="0" pending="0" />
  </ResultSummary>
  <TestDefinitions>
    <UnitTest name="TestDb" storage="e:\codelib\git\commonclass\testproject1\bin\debug\testproject1.dll" id="3a4420c1-0eeb-0ff7-1826-7bc9586f3d76">
      <Execution id="9afa0760-4031-4253-b3e6-318b99667b52" />
      <TestMethod codeBase="E:/CodeLib/Git/CommonClass/TestProject1/bin/Debug/TestProject1.DLL" adapterTypeName="Microsoft.VisualStudio.TestTools.TestTypes.Unit.UnitTestAdapter, Microsoft.VisualStudio.QualityTools.Tips.UnitTest.Adapter, Version=10.0.0.0, Culture=neutral, PublicKeyToken=b03f5f7f11d50a3a" className="TestProject1.BaseClassDaoTest, TestProject1, Version=1.0.0.0, Culture=neutral, PublicKeyToken=null" name="TestDb" />
    </UnitTest>
  </TestDefinitions>
  <TestLists>
    <TestList name="列表中未列出的结果" id="8c84fa94-04c1-424b-9868-57a2d4851a1d" />
    <TestList name="所有已加载的结果" id="19431567-8539-422a-85d7-44ee4e166bda" />
  </TestLists>
  <TestEntries>
    <TestEntry testId="3a4420c1-0eeb-0ff7-1826-7bc9586f3d76" executionId="9afa0760-4031-4253-b3e6-318b99667b52" testListId="8c84fa94-04c1-424b-9868-57a2d4851a1d" />
  </TestEntries>
  <Results>
    <UnitTestResult executionId="9afa0760-4031-4253-b3e6-318b99667b52" testId="3a4420c1-0eeb-0ff7-1826-7bc9586f3d76" testName="TestDb" computerName="VSH-NIEJUNHUA" duration="00:00:01.2091483" startTime="2014-01-25T22:33:03.0871693+08:00" endTime="2014-01-25T22:33:04.8732714+08:00" testType="13cdc9d9-ddb5-4fa4-a97d-d965ccfc6d4b" outcome="Passed" testListId="8c84fa94-04c1-424b-9868-57a2d4851a1d" relativeResultsDirectory="9afa0760-4031-4253-b3e6-318b99667b52">
    </UnitTestResult>
  </Results>
</TestRun>