<?xml version="1.0" encoding="UTF-8"?>
<TestRun id="70d76d73-731d-4eeb-9fe4-8b9504655e29" name="niejunhua@SH-NIEJUNHUA 2014-01-26 17:24:53" runUser="SNDA\niejunhua" xmlns="http://microsoft.com/schemas/VisualStudio/TeamTest/2010">
  <TestSettings name="本地" id="70fa9d93-44e1-4fae-8a0b-307f6e928580">
    <Description>这些设置为本地测试运行的默认测试设置。</Description>
    <Deployment enabled="false" runDeploymentRoot="niejunhua_SH-NIEJUNHUA 2014-01-26 17_24_53">
      <DeploymentItem filename="E:\Codelib\Git\helper\Helper\bin\Debug\Helper.dll" />
      <DeploymentItem filename="E:\Codelib\Git\CommonClass\CommonClass\bin\CommonClass.dll" />
    </Deployment>
    <Execution>
      <TestTypeSpecific />
      <AgentRule name="Execution Agents">
      </AgentRule>
    </Execution>
  </TestSettings>
  <Times creation="2014-01-26T17:24:53.3548676+08:00" queuing="2014-01-26T17:24:56.9092230+08:00" start="2014-01-26T17:24:57.0912412+08:00" finish="2014-01-26T17:24:58.8474168+08:00" />
  <ResultSummary outcome="Completed">
    <Counters total="1" executed="1" passed="1" error="0" failed="0" timeout="0" aborted="0" inconclusive="0" passedButRunAborted="0" notRunnable="0" notExecuted="0" disconnected="0" warning="0" completed="0" inProgress="0" pending="0" />
  </ResultSummary>
  <TestDefinitions>
    <UnitTest name="TestDb" storage="e:\codelib\git\commonclass\testproject1\bin\debug\testproject1.dll" id="3a4420c1-0eeb-0ff7-1826-7bc9586f3d76">
      <Execution id="e80879da-c3d9-4bec-adb6-57035ffa2c8f" />
      <TestMethod codeBase="E:/Codelib/Git/CommonClass/TestProject1/bin/Debug/TestProject1.DLL" adapterTypeName="Microsoft.VisualStudio.TestTools.TestTypes.Unit.UnitTestAdapter, Microsoft.VisualStudio.QualityTools.Tips.UnitTest.Adapter, Version=10.0.0.0, Culture=neutral, PublicKeyToken=b03f5f7f11d50a3a" className="TestProject1.BaseClassDaoTest, TestProject1, Version=1.0.0.0, Culture=neutral, PublicKeyToken=null" name="TestDb" />
    </UnitTest>
  </TestDefinitions>
  <TestLists>
    <TestList name="列表中未列出的结果" id="8c84fa94-04c1-424b-9868-57a2d4851a1d" />
    <TestList name="所有已加载的结果" id="19431567-8539-422a-85d7-44ee4e166bda" />
  </TestLists>
  <TestEntries>
    <TestEntry testId="3a4420c1-0eeb-0ff7-1826-7bc9586f3d76" executionId="e80879da-c3d9-4bec-adb6-57035ffa2c8f" testListId="8c84fa94-04c1-424b-9868-57a2d4851a1d" />
  </TestEntries>
  <Results>
    <UnitTestResult executionId="e80879da-c3d9-4bec-adb6-57035ffa2c8f" testId="3a4420c1-0eeb-0ff7-1826-7bc9586f3d76" testName="TestDb" computerName="SH-NIEJUNHUA" duration="00:00:00.9143362" startTime="2014-01-26T17:24:57.2602581+08:00" endTime="2014-01-26T17:24:58.7804101+08:00" testType="13cdc9d9-ddb5-4fa4-a97d-d965ccfc6d4b" outcome="Passed" testListId="8c84fa94-04c1-424b-9868-57a2d4851a1d" relativeResultsDirectory="e80879da-c3d9-4bec-adb6-57035ffa2c8f">
    </UnitTestResult>
  </Results>
</TestRun>