<?xml version="1.0" encoding="UTF-8"?>
<TestRun id="c0c2862e-b72d-4e4e-ace6-b68887832cf2" name="niejunhua@SH-NIEJUNHUA 2014-01-09 17:33:20" runUser="SNDA\niejunhua" xmlns="http://microsoft.com/schemas/VisualStudio/TeamTest/2010">
  <TestSettings name="本地" id="70fa9d93-44e1-4fae-8a0b-307f6e928580">
    <Description>这些设置为本地测试运行的默认测试设置。</Description>
    <Deployment enabled="false" runDeploymentRoot="niejunhua_SH-NIEJUNHUA 2014-01-09 17_33_20">
      <DeploymentItem filename="E:\Codelib\Git\helper\Helper\bin\Debug\Helper.dll" />
      <DeploymentItem filename="E:\Codelib\Git\CommonClass\CommonClass\bin\CommonClass.dll" />
    </Deployment>
    <Execution>
      <TestTypeSpecific />
      <AgentRule name="Execution Agents">
      </AgentRule>
    </Execution>
  </TestSettings>
  <Times creation="2014-01-09T17:33:20.9047457+08:00" queuing="2014-01-09T17:33:28.4024954+08:00" start="2014-01-09T17:33:28.4144966+08:00" finish="2014-01-09T17:33:28.8245376+08:00" />
  <ResultSummary outcome="Failed">
    <Counters total="1" executed="1" error="0" failed="1" timeout="0" aborted="0" inconclusive="0" passedButRunAborted="0" notRunnable="0" notExecuted="0" disconnected="0" warning="0" passed="0" completed="0" inProgress="0" pending="0" />
  </ResultSummary>
  <TestDefinitions>
    <UnitTest name="InsertTest" storage="e:\codelib\git\commonclass\testproject1\bin\debug\testproject1.dll" id="0d0b572d-bd78-4947-2f03-34eee1b8b633">
      <Execution id="9ba50a56-842e-40ed-ae26-a995279692f1" />
      <TestMethod codeBase="E:/Codelib/Git/CommonClass/TestProject1/bin/Debug/TestProject1.DLL" adapterTypeName="Microsoft.VisualStudio.TestTools.TestTypes.Unit.UnitTestAdapter, Microsoft.VisualStudio.QualityTools.Tips.UnitTest.Adapter, Version=10.0.0.0, Culture=neutral, PublicKeyToken=b03f5f7f11d50a3a" className="TestProject1.BaseClassDaoTest, TestProject1, Version=1.0.0.0, Culture=neutral, PublicKeyToken=null" name="InsertTest" />
      <AspNet>
        <Host pathToWebApp="E:\Codelib\Git\CommonClass\CommonClass" webAppRoot="/" />
      </AspNet>
    </UnitTest>
  </TestDefinitions>
  <TestLists>
    <TestList name="列表中未列出的结果" id="8c84fa94-04c1-424b-9868-57a2d4851a1d" />
    <TestList name="所有已加载的结果" id="19431567-8539-422a-85d7-44ee4e166bda" />
  </TestLists>
  <TestEntries>
    <TestEntry testId="0d0b572d-bd78-4947-2f03-34eee1b8b633" executionId="9ba50a56-842e-40ed-ae26-a995279692f1" testListId="8c84fa94-04c1-424b-9868-57a2d4851a1d" />
  </TestEntries>
  <Results>
    <UnitTestResult executionId="9ba50a56-842e-40ed-ae26-a995279692f1" testId="0d0b572d-bd78-4947-2f03-34eee1b8b633" testName="InsertTest" computerName="SH-NIEJUNHUA" duration="00:00:00.0824898" startTime="2014-01-09T17:33:28.4444996+08:00" endTime="2014-01-09T17:33:28.7425294+08:00" testType="13cdc9d9-ddb5-4fa4-a97d-d965ccfc6d4b" outcome="Failed" testListId="8c84fa94-04c1-424b-9868-57a2d4851a1d" relativeResultsDirectory="9ba50a56-842e-40ed-ae26-a995279692f1">
      <Output>
        <StdOut>关于我们 1</StdOut>
        <ErrorInfo>
          <Message>测试方法 TestProject1.BaseClassDaoTest.InsertTest 引发了异常: 
System.Data.OleDb.OleDbException: 至少一个参数没有被指定值。</Message>
          <StackTrace>    在 System.Data.OleDb.OleDbCommand.ExecuteCommandTextErrorHandling(OleDbHResult hr)
   在 System.Data.OleDb.OleDbCommand.ExecuteCommandTextForSingleResult(tagDBPARAMS dbParams, Object&amp; executeResult)
   在 System.Data.OleDb.OleDbCommand.ExecuteCommandText(Object&amp; executeResult)
   在 System.Data.OleDb.OleDbCommand.ExecuteCommand(CommandBehavior behavior, Object&amp; executeResult)
   在 System.Data.OleDb.OleDbCommand.ExecuteReaderInternal(CommandBehavior behavior, String method)
   在 System.Data.OleDb.OleDbCommand.ExecuteNonQuery()
   在 CommonClass.AccessDB.ExecNonQuery(String sql, IDataParameter[] p) 位置 E:\Codelib\Git\CommonClass\CommonClass\AccessDB.cs:行号 42
   在 CommonClass.BaseClassDao.Update(ClassInfo ci) 位置 E:\Codelib\Git\CommonClass\CommonClass\BaseClassDao.cs:行号 111
   在 TestProject1.BaseClassDaoTest.InsertTest() 位置 E:\Codelib\Git\CommonClass\TestProject1\BaseClassDaoTest.cs:行号 120
</StackTrace>
        </ErrorInfo>
      </Output>
    </UnitTestResult>
  </Results>
</TestRun>