<?xml version="1.0" encoding="UTF-8"?>
<TestRun id="e735a81e-467e-43fd-8bf9-7487fc38e2bb" name="niejunhua@SH-NIEJUNHUA 2014-01-09 17:40:29" runUser="SNDA\niejunhua" xmlns="http://microsoft.com/schemas/VisualStudio/TeamTest/2010">
  <TestSettings name="本地" id="70fa9d93-44e1-4fae-8a0b-307f6e928580">
    <Description>这些设置为本地测试运行的默认测试设置。</Description>
    <Deployment enabled="false" runDeploymentRoot="niejunhua_SH-NIEJUNHUA 2014-01-09 17_40_29">
      <DeploymentItem filename="E:\Codelib\Git\helper\Helper\bin\Debug\Helper.dll" />
      <DeploymentItem filename="E:\Codelib\Git\CommonClass\CommonClass\bin\CommonClass.dll" />
    </Deployment>
    <Execution>
      <TestTypeSpecific />
      <AgentRule name="Execution Agents">
      </AgentRule>
    </Execution>
  </TestSettings>
  <Times creation="2014-01-09T17:40:29.6956205+08:00" queuing="2014-01-09T17:40:29.7626272+08:00" start="2014-01-09T17:40:29.7816291+08:00" finish="2014-01-09T17:40:30.2416751+08:00" />
  <ResultSummary outcome="Completed">
    <Counters total="1" executed="1" passed="1" error="0" failed="0" timeout="0" aborted="0" inconclusive="0" passedButRunAborted="0" notRunnable="0" notExecuted="0" disconnected="0" warning="0" completed="0" inProgress="0" pending="0" />
  </ResultSummary>
  <TestDefinitions>
    <UnitTest name="InsertTest" storage="e:\codelib\git\commonclass\testproject1\bin\debug\testproject1.dll" id="0d0b572d-bd78-4947-2f03-34eee1b8b633">
      <Execution id="7973b38b-3430-4f58-8016-37a4b610e4bd" />
      <TestMethod codeBase="E:/Codelib/Git/CommonClass/TestProject1/bin/Debug/TestProject1.DLL" adapterTypeName="Microsoft.VisualStudio.TestTools.TestTypes.Unit.UnitTestAdapter, Microsoft.VisualStudio.QualityTools.Tips.UnitTest.Adapter, Version=10.0.0.0, Culture=neutral, PublicKeyToken=b03f5f7f11d50a3a" className="TestProject1.BaseClassDaoTest, TestProject1, Version=1.0.0.0, Culture=neutral, PublicKeyToken=null" name="InsertTest" />
      <AspNet>
        <Host pathToWebApp="E:\Codelib\Git\CommonClass\CommonClass" webAppRoot="/" />
      </AspNet>
    </UnitTest>
  </TestDefinitions>
  <TestLists>
    <TestList name="列表中未列出的结果" id="8c84fa94-04c1-424b-9868-57a2d4851a1d" />
    <TestList name="所有已加载的结果" id="19431567-8539-422a-85d7-44ee4e166bda" />
  </TestLists>
  <TestEntries>
    <TestEntry testId="0d0b572d-bd78-4947-2f03-34eee1b8b633" executionId="7973b38b-3430-4f58-8016-37a4b610e4bd" testListId="8c84fa94-04c1-424b-9868-57a2d4851a1d" />
  </TestEntries>
  <Results>
    <UnitTestResult executionId="7973b38b-3430-4f58-8016-37a4b610e4bd" testId="0d0b572d-bd78-4947-2f03-34eee1b8b633" testName="InsertTest" computerName="SH-NIEJUNHUA" duration="00:00:00.1327854" startTime="2014-01-09T17:40:29.8276337+08:00" endTime="2014-01-09T17:40:30.1656675+08:00" testType="13cdc9d9-ddb5-4fa4-a97d-d965ccfc6d4b" outcome="Passed" testListId="8c84fa94-04c1-424b-9868-57a2d4851a1d" relativeResultsDirectory="7973b38b-3430-4f58-8016-37a4b610e4bd">
      <Output>
        <StdOut>关于我们 1
update suc</StdOut>
      </Output>
    </UnitTestResult>
  </Results>
</TestRun>